# JRE version: Java(TM) SE Runtime Environment (8.0_121-b13) (build 1.8.0_121-b13)
# Java VM: Java HotSpot(TM) 64-Bit Server VM (25.121-b13 mixed mode bsd-amd64 compressed oops)
Heap:
 PSYoungGen      total 29696K, used 2945K [0x0000000795580000, 0x0000000797a80000, 0x00000007c0000000)
  eden space 26624K, 0% used [0x0000000795580000,0x00000007955b6ff8,0x0000000796f80000)
  from space 3072K, 88% used [0x0000000797000000,0x00000007972a9608,0x0000000797300000)
  to   space 5632K, 0% used [0x0000000797500000,0x0000000797500000,0x0000000797a80000)
 ParOldGen       total 87552K, used 11787K [0x0000000740000000, 0x0000000745580000, 0x0000000795580000)
  object space 87552K, 13% used [0x0000000740000000,0x0000000740b82d40,0x0000000745580000)
 Metaspace       used 15686K, capacity 15986K, committed 16256K, reserved 1062912K
  class space    used 1974K, capacity 2059K, committed 2176K, reserved 1048576K
GC Heap History (10 events):
Event: 56.480 GC heap before
{Heap before GC invocations=13 (full 0):
 PSYoungGen      total 34304K, used 30940K [0x0000000795580000, 0x0000000797d00000, 0x00000007c0000000)
  eden space 29184K, 99% used [0x0000000795580000,0x00000007971c89a8,0x0000000797200000)
  from space 5120K, 38% used [0x0000000797800000,0x00000007979ee848,0x0000000797d00000)
  to   space 5632K, 0% used [0x0000000797200000,0x0000000797200000,0x0000000797780000)
 ParOldGen       total 87552K, used 7885K [0x0000000740000000, 0x0000000745580000, 0x0000000795580000)
  object space 87552K, 9% used [0x0000000740000000,0x00000007407b3488,0x0000000745580000)
 Metaspace       used 14921K, capacity 15244K, committed 15616K, reserved 1062912K
  class space    used 1878K, capacity 1962K, committed 2048K, reserved 1048576K
Event: 56.485 GC heap after
Heap after GC invocations=13 (full 0):
 PSYoungGen      total 30208K, used 1281K [0x0000000795580000, 0x0000000797c80000, 0x00000007c0000000)
  eden space 28672K, 0% used [0x0000000795580000,0x0000000795580000,0x0000000797180000)
  from space 1536K, 83% used [0x0000000797200000,0x0000000797340758,0x0000000797380000)
  to   space 5632K, 0% used [0x0000000797700000,0x0000000797700000,0x0000000797c80000)
 ParOldGen       total 87552K, used 8581K [0x0000000740000000, 0x0000000745580000, 0x0000000795580000)
  object space 87552K, 9% used [0x0000000740000000,0x00000007408615f8,0x0000000745580000)
 Metaspace       used 14921K, capacity 15244K, committed 15616K, reserved 1062912K
  class space    used 1878K, capacity 1962K, committed 2048K, reserved 1048576K
}
Event: 60.395 GC heap before
{Heap before GC invocations=14 (full 0):
 PSYoungGen      total 30208K, used 29661K [0x0000000795580000, 0x0000000797c80000, 0x00000007c0000000)
  eden space 28672K, 98% used [0x0000000795580000,0x0000000797137070,0x0000000797180000)
  from space 1536K, 83% used [0x0000000797200000,0x0000000797340758,0x0000000797380000)
  to   space 5632K, 0% used [0x0000000797700000,0x0000000797700000,0x0000000797c80000)
 ParOldGen       total 87552K, used 8581K [0x0000000740000000, 0x0000000745580000, 0x0000000795580000)
  object space 87552K, 9% used [0x0000000740000000,0x00000007408615f8,0x0000000745580000)
 Metaspace       used 14934K, capacity 15244K, committed 15616K, reserved 1062912K
  class space    used 1879K, capacity 1962K, committed 2048K, reserved 1048576K
Event: 60.397 GC heap after
Heap after GC invocations=14 (full 0):
 PSYoungGen      total 33792K, used 425K [0x0000000795580000, 0x0000000797d00000, 0x00000007c0000000)
  eden space 28160K, 0% used [0x0000000795580000,0x0000000795580000,0x0000000797100000)
  from space 5632K, 7% used [0x0000000797700000,0x000000079776a410,0x0000000797c80000)
  to   space 6144K, 0% used [0x0000000797100000,0x0000000797100000,0x0000000797700000)
 ParOldGen       total 87552K, used 9133K [0x0000000740000000, 0x0000000745580000, 0x0000000795580000)
  object space 87552K, 10% used [0x0000000740000000,0x00000007408eb720,0x0000000745580000)
 Metaspace       used 14934K, capacity 15244K, committed 15616K, reserved 1062912K
  class space    used 1879K, capacity 1962K, committed 2048K, reserved 1048576K
}
Event: 64.059 GC heap before
{Heap before GC invocations=15 (full 0):
 PSYoungGen      total 33792K, used 28488K [0x0000000795580000, 0x0000000797d00000, 0x00000007c0000000)
  eden space 28160K, 99% used [0x0000000795580000,0x00000007970e7c18,0x0000000797100000)
  from space 5632K, 7% used [0x0000000797700000,0x000000079776a410,0x0000000797c80000)
  to   space 6144K, 0% used [0x0000000797100000,0x0000000797100000,0x0000000797700000)
 ParOldGen       total 87552K, used 9133K [0x0000000740000000, 0x0000000745580000, 0x0000000795580000)
  object space 87552K, 10% used [0x0000000740000000,0x00000007408eb720,0x0000000745580000)
 Metaspace       used 14947K, capacity 15244K, committed 15616K, reserved 1062912K
  class space    used 1879K, capacity 1962K, committed 2048K, reserved 1048576K
Event: 64.060 GC heap after
Heap after GC invocations=15 (full 0):
 PSYoungGen      total 29696K, used 1581K [0x0000000795580000, 0x0000000797b80000, 0x00000007c0000000)
  eden space 27648K, 0% used [0x0000000795580000,0x0000000795580000,0x0000000797080000)
  from space 2048K, 77% used [0x0000000797100000,0x000000079728b4c0,0x0000000797300000)
  to   space 5632K, 0% used [0x0000000797600000,0x0000000797600000,0x0000000797b80000)
 ParOldGen       total 87552K, used 9173K [0x0000000740000000, 0x0000000745580000, 0x0000000795580000)
  object space 87552K, 10% used [0x0000000740000000,0x00000007408f5720,0x0000000745580000)
 Metaspace       used 14947K, capacity 15244K, committed 15616K, reserved 1062912K
  class space    used 1879K, capacity 1962K, committed 2048K, reserved 1048576K
}
Event: 67.562 GC heap before
{Heap before GC invocations=16 (full 0):
 PSYoungGen      total 29696K, used 29019K [0x0000000795580000, 0x0000000797b80000, 0x00000007c0000000)
  eden space 27648K, 99% used [0x0000000795580000,0x000000079704b790,0x0000000797080000)
  from space 2048K, 77% used [0x0000000797100000,0x000000079728b4c0,0x0000000797300000)
  to   space 5632K, 0% used [0x0000000797600000,0x0000000797600000,0x0000000797b80000)
 ParOldGen       total 87552K, used 9173K [0x0000000740000000, 0x0000000745580000, 0x0000000795580000)
  object space 87552K, 10% used [0x0000000740000000,0x00000007408f5720,0x0000000745580000)
 Metaspace       used 14963K, capacity 15308K, committed 15616K, reserved 1062912K
  class space    used 1879K, capacity 1962K, committed 2048K, reserved 1048576K
Event: 67.565 GC heap after
Heap after GC invocations=16 (full 0):
 PSYoungGen      total 32256K, used 1801K [0x0000000795580000, 0x0000000797b00000, 0x00000007c0000000)
  eden space 27136K, 0% used [0x0000000795580000,0x0000000795580000,0x0000000797000000)
  from space 5120K, 35% used [0x0000000797600000,0x00000007977c27f0,0x0000000797b00000)
  to   space 5632K, 0% used [0x0000000797000000,0x0000000797000000,0x0000000797580000)
 ParOldGen       total 87552K, used 10405K [0x0000000740000000, 0x0000000745580000, 0x0000000795580000)
  object space 87552K, 11% used [0x0000000740000000,0x0000000740a29460,0x0000000745580000)
 Metaspace       used 14963K, capacity 15308K, committed 15616K, reserved 1062912K
  class space    used 1879K, capacity 1962K, committed 2048K, reserved 1048576K
}
Event: 70.454 GC heap before
{Heap before GC invocations=17 (full 0):
 PSYoungGen      total 32256K, used 28935K [0x0000000795580000, 0x0000000797b00000, 0x00000007c0000000)
  eden space 27136K, 99% used [0x0000000795580000,0x0000000796fff738,0x0000000797000000)
  from space 5120K, 35% used [0x0000000797600000,0x00000007977c27f0,0x0000000797b00000)
  to   space 5632K, 0% used [0x0000000797000000,0x0000000797000000,0x0000000797580000)
 ParOldGen       total 87552K, used 10405K [0x0000000740000000, 0x0000000745580000, 0x0000000795580000)
  object space 87552K, 11% used [0x0000000740000000,0x0000000740a29460,0x0000000745580000)
 Metaspace       used 15686K, capacity 15986K, committed 16256K, reserved 1062912K
  class space    used 1974K, capacity 2059K, committed 2176K, reserved 1048576K
Event: 70.456 GC heap after
Heap after GC invocations=17 (full 0):
 PSYoungGen      total 29696K, used 2725K [0x0000000795580000, 0x0000000797a80000, 0x00000007c0000000)
  eden space 26624K, 0% used [0x0000000795580000,0x0000000795580000,0x0000000796f80000)
  from space 3072K, 88% used [0x0000000797000000,0x00000007972a9608,0x0000000797300000)
  to   space 5632K, 0% used [0x0000000797500000,0x0000000797500000,0x0000000797a80000)
 ParOldGen       total 87552K, used 11787K [0x0000000740000000, 0x0000000745580000, 0x0000000795580000)
  object space 87552K, 13% used [0x0000000740000000,0x0000000740b82d40,0x0000000745580000)
 Metaspace       used 15686K, capacity 15986K, committed 16256K, reserved 1062912K
  class space    used 1974K, capacity 2059K, committed 2176K, reserved 1048576K
}

