# JRE version: Java(TM) SE Runtime Environment (8.0_121-b13) (build 1.8.0_121-b13)
# Java VM: Java HotSpot(TM) 64-Bit Server VM (25.121-b13 mixed mode bsd-amd64 compressed oops)
Heap:
 PSYoungGen      total 29696K, used 199K [0x0000000795580000, 0x0000000797800000, 0x00000007c0000000)
  eden space 24064K, 0% used [0x0000000795580000,0x0000000795589ef8,0x0000000796d00000)
  from space 5632K, 2% used [0x0000000797280000,0x00000007972a8000,0x0000000797800000)
  to   space 5632K, 0% used [0x0000000796d00000,0x0000000796d00000,0x0000000797280000)
 ParOldGen       total 87552K, used 43228K [0x0000000740000000, 0x0000000745580000, 0x0000000795580000)
  object space 87552K, 49% used [0x0000000740000000,0x0000000742a370e8,0x0000000745580000)
 Metaspace       used 14015K, capacity 14268K, committed 14464K, reserved 1062912K
  class space    used 1743K, capacity 1858K, committed 1920K, reserved 1048576K
GC Heap History (10 events):
Event: 49.126 GC heap before
{Heap before GC invocations=22 (full 0):
 PSYoungGen      total 25600K, used 25042K [0x0000000795580000, 0x0000000797b00000, 0x00000007c0000000)
  eden space 24064K, 99% used [0x0000000795580000,0x0000000796cedf60,0x0000000796d00000)
  from space 1536K, 68% used [0x0000000796d00000,0x0000000796e06c30,0x0000000796e80000)
  to   space 7168K, 0% used [0x0000000797400000,0x0000000797400000,0x0000000797b00000)
 ParOldGen       total 87552K, used 32169K [0x0000000740000000, 0x0000000745580000, 0x0000000795580000)
  object space 87552K, 36% used [0x0000000740000000,0x0000000741f6a5a8,0x0000000745580000)
 Metaspace       used 13974K, capacity 14236K, committed 14464K, reserved 1062912K
  class space    used 1736K, capacity 1826K, committed 1920K, reserved 1048576K
Event: 49.129 GC heap after
Heap after GC invocations=22 (full 0):
 PSYoungGen      total 30208K, used 1613K [0x0000000795580000, 0x0000000797a00000, 0x00000007c0000000)
  eden space 24064K, 0% used [0x0000000795580000,0x0000000795580000,0x0000000796d00000)
  from space 6144K, 26% used [0x0000000797400000,0x0000000797593450,0x0000000797a00000)
  to   space 6656K, 0% used [0x0000000796d00000,0x0000000796d00000,0x0000000797380000)
 ParOldGen       total 87552K, used 32185K [0x0000000740000000, 0x0000000745580000, 0x0000000795580000)
  object space 87552K, 36% used [0x0000000740000000,0x0000000741f6e5a8,0x0000000745580000)
 Metaspace       used 13974K, capacity 14236K, committed 14464K, reserved 1062912K
  class space    used 1736K, capacity 1826K, committed 1920K, reserved 1048576K
}
Event: 51.072 GC heap before
{Heap before GC invocations=23 (full 0):
 PSYoungGen      total 30208K, used 25677K [0x0000000795580000, 0x0000000797a00000, 0x00000007c0000000)
  eden space 24064K, 100% used [0x0000000795580000,0x0000000796d00000,0x0000000796d00000)
  from space 6144K, 26% used [0x0000000797400000,0x0000000797593450,0x0000000797a00000)
  to   space 6656K, 0% used [0x0000000796d00000,0x0000000796d00000,0x0000000797380000)
 ParOldGen       total 87552K, used 41394K [0x0000000740000000, 0x0000000745580000, 0x0000000795580000)
  object space 87552K, 47% used [0x0000000740000000,0x000000074286cba8,0x0000000745580000)
 Metaspace       used 13974K, capacity 14236K, committed 14464K, reserved 1062912K
  class space    used 1736K, capacity 1826K, committed 1920K, reserved 1048576K
Event: 51.074 GC heap after
Heap after GC invocations=23 (full 0):
 PSYoungGen      total 30720K, used 128K [0x0000000795580000, 0x0000000797a00000, 0x00000007c0000000)
  eden space 24064K, 0% used [0x0000000795580000,0x0000000795580000,0x0000000796d00000)
  from space 6656K, 1% used [0x0000000796d00000,0x0000000796d20000,0x0000000797380000)
  to   space 6656K, 0% used [0x0000000797380000,0x0000000797380000,0x0000000797a00000)
 ParOldGen       total 87552K, used 41410K [0x0000000740000000, 0x0000000745580000, 0x0000000795580000)
  object space 87552K, 47% used [0x0000000740000000,0x0000000742870ba8,0x0000000745580000)
 Metaspace       used 13974K, capacity 14236K, committed 14464K, reserved 1062912K
  class space    used 1736K, capacity 1826K, committed 1920K, reserved 1048576K
}
Event: 52.464 GC heap before
{Heap before GC invocations=24 (full 0):
 PSYoungGen      total 30720K, used 24128K [0x0000000795580000, 0x0000000797a00000, 0x00000007c0000000)
  eden space 24064K, 99% used [0x0000000795580000,0x0000000796cf0188,0x0000000796d00000)
  from space 6656K, 1% used [0x0000000796d00000,0x0000000796d20000,0x0000000797380000)
  to   space 6656K, 0% used [0x0000000797380000,0x0000000797380000,0x0000000797a00000)
 ParOldGen       total 87552K, used 41410K [0x0000000740000000, 0x0000000745580000, 0x0000000795580000)
  object space 87552K, 47% used [0x0000000740000000,0x0000000742870ba8,0x0000000745580000)
 Metaspace       used 13974K, capacity 14236K, committed 14464K, reserved 1062912K
  class space    used 1736K, capacity 1826K, committed 1920K, reserved 1048576K
Event: 52.469 GC heap after
Heap after GC invocations=24 (full 0):
 PSYoungGen      total 29696K, used 1348K [0x0000000795580000, 0x0000000797900000, 0x00000007c0000000)
  eden space 24064K, 0% used [0x0000000795580000,0x0000000795580000,0x0000000796d00000)
  from space 5632K, 23% used [0x0000000797380000,0x00000007974d1040,0x0000000797900000)
  to   space 6144K, 0% used [0x0000000796d00000,0x0000000796d00000,0x0000000797300000)
 ParOldGen       total 87552K, used 41418K [0x0000000740000000, 0x0000000745580000, 0x0000000795580000)
  object space 87552K, 47% used [0x0000000740000000,0x0000000742872ba8,0x0000000745580000)
 Metaspace       used 13974K, capacity 14236K, committed 14464K, reserved 1062912K
  class space    used 1736K, capacity 1826K, committed 1920K, reserved 1048576K
}
Event: 53.930 GC heap before
{Heap before GC invocations=25 (full 0):
 PSYoungGen      total 29696K, used 25284K [0x0000000795580000, 0x0000000797900000, 0x00000007c0000000)
  eden space 24064K, 99% used [0x0000000795580000,0x0000000796ce00e8,0x0000000796d00000)
  from space 5632K, 23% used [0x0000000797380000,0x00000007974d1040,0x0000000797900000)
  to   space 6144K, 0% used [0x0000000796d00000,0x0000000796d00000,0x0000000797300000)
 ParOldGen       total 87552K, used 41715K [0x0000000740000000, 0x0000000745580000, 0x0000000795580000)
  object space 87552K, 47% used [0x0000000740000000,0x00000007428bcfb8,0x0000000745580000)
 Metaspace       used 13974K, capacity 14236K, committed 14464K, reserved 1062912K
  class space    used 1736K, capacity 1826K, committed 1920K, reserved 1048576K
Event: 53.931 GC heap after
Heap after GC invocations=25 (full 0):
 PSYoungGen      total 26112K, used 1613K [0x0000000795580000, 0x0000000797800000, 0x00000007c0000000)
  eden space 24064K, 0% used [0x0000000795580000,0x0000000795580000,0x0000000796d00000)
  from space 2048K, 78% used [0x0000000796d00000,0x0000000796e93450,0x0000000796f00000)
  to   space 5632K, 0% used [0x0000000797280000,0x0000000797280000,0x0000000797800000)
 ParOldGen       total 87552K, used 41731K [0x0000000740000000, 0x0000000745580000, 0x0000000795580000)
  object space 87552K, 47% used [0x0000000740000000,0x00000007428c0fb8,0x0000000745580000)
 Metaspace       used 13974K, capacity 14236K, committed 14464K, reserved 1062912K
  class space    used 1736K, capacity 1826K, committed 1920K, reserved 1048576K
}
Event: 55.448 GC heap before
{Heap before GC invocations=26 (full 0):
 PSYoungGen      total 26112K, used 25677K [0x0000000795580000, 0x0000000797800000, 0x00000007c0000000)
  eden space 24064K, 100% used [0x0000000795580000,0x0000000796d00000,0x0000000796d00000)
  from space 2048K, 78% used [0x0000000796d00000,0x0000000796e93450,0x0000000796f00000)
  to   space 5632K, 0% used [0x0000000797280000,0x0000000797280000,0x0000000797800000)
 ParOldGen       total 87552K, used 43220K [0x0000000740000000, 0x0000000745580000, 0x0000000795580000)
  object space 87552K, 49% used [0x0000000740000000,0x0000000742a350e8,0x0000000745580000)
 Metaspace       used 14005K, capacity 14268K, committed 14464K, reserved 1062912K
  class space    used 1743K, capacity 1858K, committed 1920K, reserved 1048576K
Event: 55.449 GC heap after
Heap after GC invocations=26 (full 0):
 PSYoungGen      total 29696K, used 160K [0x0000000795580000, 0x0000000797800000, 0x00000007c0000000)
  eden space 24064K, 0% used [0x0000000795580000,0x0000000795580000,0x0000000796d00000)
  from space 5632K, 2% used [0x0000000797280000,0x00000007972a8000,0x0000000797800000)
  to   space 5632K, 0% used [0x0000000796d00000,0x0000000796d00000,0x0000000797280000)
 ParOldGen       total 87552K, used 43228K [0x0000000740000000, 0x0000000745580000, 0x0000000795580000)
  object space 87552K, 49% used [0x0000000740000000,0x0000000742a370e8,0x0000000745580000)
 Metaspace       used 14005K, capacity 14268K, committed 14464K, reserved 1062912K
  class space    used 1743K, capacity 1858K, committed 1920K, reserved 1048576K
}

